Build started 4/21/2013 10:42:11 PM.
     1>Project "C:\Users\Mark\Old Games\Vorlia\trunk\VorliaTools\Vorlia tools.vcxproj" on node 2 (build target(s)).
     1>InitializeBuildStatus:
         Creating ".\Release\Vorlia tools.unsuccessfulbuild" because "AlwaysCreate" was specified.
       ClCompile:
         C:\Program Files (x86)\Microsoft Visual Studio 10.0\VC\bin\CL.exe /c /Zi /nologo /W3 /WX- /O2 /Ob1 /Oy- /D WIN32 /D NDEBUG /D _CONSOLE /D _VC80_UPGRADE=0x0600 /D _MBCS /GF /Gm- /EHsc /MT /GS /Gy /fp:precise /Zc:wchar_t /Zc:forScope /Fo".\Release\\" /Fd".\Release\vc100.pdb" /Gd /TP /analyze- /errorReport:prompt main.cpp
         main.cpp
     1>main.cpp(89): warning C4996: 'kbhit': The POSIX name for this item is deprecated. Instead, use the ISO C++ conformant name: _kbhit. See online help for details.
                 C:\Program Files (x86)\Microsoft Visual Studio 10.0\VC\include\conio.h(130) : see declaration of 'kbhit'
     1>main.cpp(91): warning C4996: 'getch': The POSIX name for this item is deprecated. Instead, use the ISO C++ conformant name: _getch. See online help for details.
                 C:\Program Files (x86)\Microsoft Visual Studio 10.0\VC\include\conio.h(128) : see declaration of 'getch'
     1>main.cpp(215): warning C4996: 'strcpy': This function or variable may be unsafe. Consider using strcpy_s instead. To disable deprecation, use _CRT_SECURE_NO_WARNINGS. See online help for details.
                 C:\Program Files (x86)\Microsoft Visual Studio 10.0\VC\include\string.h(105) : see declaration of 'strcpy'
     1>main.cpp(216): warning C4996: 'strcpy': This function or variable may be unsafe. Consider using strcpy_s instead. To disable deprecation, use _CRT_SECURE_NO_WARNINGS. See online help for details.
                 C:\Program Files (x86)\Microsoft Visual Studio 10.0\VC\include\string.h(105) : see declaration of 'strcpy'
     1>main.cpp(233): warning C4996: 'strcpy': This function or variable may be unsafe. Consider using strcpy_s instead. To disable deprecation, use _CRT_SECURE_NO_WARNINGS. See online help for details.
                 C:\Program Files (x86)\Microsoft Visual Studio 10.0\VC\include\string.h(105) : see declaration of 'strcpy'
     1>main.cpp(919): warning C4244: '=' : conversion from 'unsigned long' to 'short', possible loss of data
     1>main.cpp(922): warning C4244: '=' : conversion from 'unsigned long' to 'short', possible loss of data
     1>main.cpp(925): warning C4244: '=' : conversion from 'unsigned long' to 'short', possible loss of data
     1>main.cpp(927): warning C4996: 'sprintf': This function or variable may be unsafe. Consider using sprintf_s instead. To disable deprecation, use _CRT_SECURE_NO_WARNINGS. See online help for details.
                 C:\Program Files (x86)\Microsoft Visual Studio 10.0\VC\include\stdio.h(371) : see declaration of 'sprintf'
     1>main.cpp(928): warning C4996: 'sprintf': This function or variable may be unsafe. Consider using sprintf_s instead. To disable deprecation, use _CRT_SECURE_NO_WARNINGS. See online help for details.
                 C:\Program Files (x86)\Microsoft Visual Studio 10.0\VC\include\stdio.h(371) : see declaration of 'sprintf'
     1>main.cpp(929): warning C4996: 'sprintf': This function or variable may be unsafe. Consider using sprintf_s instead. To disable deprecation, use _CRT_SECURE_NO_WARNINGS. See online help for details.
                 C:\Program Files (x86)\Microsoft Visual Studio 10.0\VC\include\stdio.h(371) : see declaration of 'sprintf'
     1>main.cpp(930): warning C4996: 'sprintf': This function or variable may be unsafe. Consider using sprintf_s instead. To disable deprecation, use _CRT_SECURE_NO_WARNINGS. See online help for details.
                 C:\Program Files (x86)\Microsoft Visual Studio 10.0\VC\include\stdio.h(371) : see declaration of 'sprintf'
     1>main.cpp(931): warning C4996: 'sprintf': This function or variable may be unsafe. Consider using sprintf_s instead. To disable deprecation, use _CRT_SECURE_NO_WARNINGS. See online help for details.
                 C:\Program Files (x86)\Microsoft Visual Studio 10.0\VC\include\stdio.h(371) : see declaration of 'sprintf'
     1>main.cpp(932): warning C4996: 'sprintf': This function or variable may be unsafe. Consider using sprintf_s instead. To disable deprecation, use _CRT_SECURE_NO_WARNINGS. See online help for details.
                 C:\Program Files (x86)\Microsoft Visual Studio 10.0\VC\include\stdio.h(371) : see declaration of 'sprintf'
     1>main.cpp(934): warning C4996: 'sprintf': This function or variable may be unsafe. Consider using sprintf_s instead. To disable deprecation, use _CRT_SECURE_NO_WARNINGS. See online help for details.
                 C:\Program Files (x86)\Microsoft Visual Studio 10.0\VC\include\stdio.h(371) : see declaration of 'sprintf'
     1>c:\users\mark\old games\vorlia\trunk\vorliatools\main.cpp(919): warning C4700: uninitialized local variable 'tmptime' used
       Link:
         C:\Program Files (x86)\Microsoft Visual Studio 10.0\VC\bin\link.exe /ERRORREPORT:PROMPT /OUT:".\Release\Vorlia tools.exe" /INCREMENTAL:NO /NOLOGO odbc32.lib odbccp32.lib kernel32.lib user32.lib gdi32.lib winspool.lib comdlg32.lib advapi32.lib shell32.lib ole32.lib oleaut32.lib uuid.lib odbc32.lib odbccp32.lib /MANIFEST /ManifestFile:".\Release\Vorlia tools.exe.intermediate.manifest" /MANIFESTUAC:"level='asInvoker' uiAccess='false'" /PDB:"C:\Users\Mark\Old Games\Vorlia\trunk\VorliaTools\Release\Vorlia tools.pdb" /SUBSYSTEM:CONSOLE /TLBID:1 /DYNAMICBASE /NXCOMPAT /IMPLIB:".\Release\Vorlia tools.lib" /MACHINE:X86 .\Release\account.obj
         .\Release\character.obj
         .\Release\main.obj
         Vorlia tools.vcxproj -> C:\Users\Mark\Old Games\Vorlia\trunk\VorliaTools\.\Release\Vorlia tools.exe
       Manifest:
         C:\Program Files (x86)\Microsoft SDKs\Windows\v7.0A\bin\mt.exe /nologo /verbose /outputresource:".\Release\Vorlia tools.exe;#1" /manifest ".\Release\Vorlia tools.exe.intermediate.manifest"
       FinalizeBuildStatus:
         Deleting file ".\Release\Vorlia tools.unsuccessfulbuild".
         Touching ".\Release\Vorlia tools.lastbuildstate".
     1>Done Building Project "C:\Users\Mark\Old Games\Vorlia\trunk\VorliaTools\Vorlia tools.vcxproj" (build target(s)).

Build succeeded.

Time Elapsed 00:00:01.10
